This file contains any messages produced by compilers while
running configure, to aid debugging if configure makes a mistake.

It was created by csoap configure 1.1.0, which was
generated by GNU Autoconf 2.69.  Invocation command line was

  $ ./configure 

## --------- ##
## Platform. ##
## --------- ##

hostname = clin-virtual-machine
uname -m = x86_64
uname -r = 6.2.0-35-generic
uname -s = Linux
uname -v = #35~22.04.1-Ubuntu SMP PREEMPT_DYNAMIC Fri Oct  6 10:23:26 UTC 2

/usr/bin/uname -p = x86_64
/bin/uname -X     = unknown

/bin/arch              = x86_64
/usr/bin/arch -k       = unknown
/usr/convex/getsysinfo = unknown
/usr/bin/hostinfo      = unknown
/bin/machine           = unknown
/usr/bin/oslevel       = unknown
/bin/universe          = unknown

PATH: /home/clin/bin
PATH: /usr/local/sbin
PATH: /usr/local/bin
PATH: /usr/sbin
PATH: /usr/bin
PATH: /sbin
PATH: /bin
PATH: /usr/games
PATH: /usr/local/games
PATH: /snap/bin
PATH: /snap/bin


## ----------- ##
## Core tests. ##
## ----------- ##

configure:2667: checking for a BSD-compatible install
configure:2735: result: /usr/bin/install -c
configure:2746: checking whether build environment is sane
configure:2783: result: yes
configure:2845: checking for gawk
configure:2875: result: no
configure:2845: checking for mawk
configure:2861: found /usr/bin/mawk
configure:2872: result: mawk
configure:2883: checking whether make sets $(MAKE)
configure:2905: result: yes
configure:3141: checking for gcc
configure:3157: found /usr/bin/gcc
configure:3168: result: gcc
configure:3397: checking for C compiler version
configure:3406: gcc --version >&5
gcc (Ubuntu 11.4.0-1ubuntu1~22.04) 11.4.0
Copyright (C) 2021 Free Software Foundation, Inc.
This is free software; see the source for copying conditions.  There is NO
warranty; not even for MERCHANTABILITY or FITNESS FOR A PARTICULAR PURPOSE.

configure:3417: $? = 0
configure:3406: gcc -v >&5
Using built-in specs.
COLLECT_GCC=gcc
COLLECT_LTO_WRAPPER=/usr/lib/gcc/x86_64-linux-gnu/11/lto-wrapper
OFFLOAD_TARGET_NAMES=nvptx-none:amdgcn-amdhsa
OFFLOAD_TARGET_DEFAULT=1
Target: x86_64-linux-gnu
Configured with: ../src/configure -v --with-pkgversion='Ubuntu 11.4.0-1ubuntu1~22.04' --with-bugurl=file:///usr/share/doc/gcc-11/README.Bugs --enable-languages=c,ada,c++,go,brig,d,fortran,objc,obj-c++,m2 --prefix=/usr --with-gcc-major-version-only --program-suffix=-11 --program-prefix=x86_64-linux-gnu- --enable-shared --enable-linker-build-id --libexecdir=/usr/lib --without-included-gettext --enable-threads=posix --libdir=/usr/lib --enable-nls --enable-bootstrap --enable-clocale=gnu --enable-libstdcxx-debug --enable-libstdcxx-time=yes --with-default-libstdcxx-abi=new --enable-gnu-unique-object --disable-vtable-verify --enable-plugin --enable-default-pie --with-system-zlib --enable-libphobos-checking=release --with-target-system-zlib=auto --enable-objc-gc=auto --enable-multiarch --disable-werror --enable-cet --with-arch-32=i686 --with-abi=m64 --with-multilib-list=m32,m64,mx32 --enable-multilib --with-tune=generic --enable-offload-targets=nvptx-none=/build/gcc-11-XeT9lY/gcc-11-11.4.0/debian/tmp-nvptx/usr,amdgcn-amdhsa=/build/gcc-11-XeT9lY/gcc-11-11.4.0/debian/tmp-gcn/usr --without-cuda-driver --enable-checking=release --build=x86_64-linux-gnu --host=x86_64-linux-gnu --target=x86_64-linux-gnu --with-build-config=bootstrap-lto-lean --enable-link-serialization=2
Thread model: posix
Supported LTO compression algorithms: zlib zstd
gcc version 11.4.0 (Ubuntu 11.4.0-1ubuntu1~22.04) 
... rest of stderr output deleted ...
configure:3417: $? = 0
configure:3406: gcc -V >&5
gcc: error: unrecognized command-line option '-V'
gcc: fatal error: no input files
compilation terminated.
configure:3417: $? = 1
configure:3406: gcc -qversion >&5
gcc: error: unrecognized command-line option '-qversion'; did you mean '--version'?
gcc: fatal error: no input files
compilation terminated.
configure:3417: $? = 1
configure:3437: checking whether the C compiler works
configure:3459: gcc    conftest.c  >&5
configure:3463: $? = 0
configure:3511: result: yes
configure:3514: checking for C compiler default output file name
configure:3516: result: a.out
configure:3522: checking for suffix of executables
configure:3529: gcc -o conftest    conftest.c  >&5
configure:3533: $? = 0
configure:3555: result: 
configure:3577: checking whether we are cross compiling
configure:3585: gcc -o conftest    conftest.c  >&5
configure:3589: $? = 0
configure:3596: ./conftest
configure:3600: $? = 0
configure:3615: result: no
configure:3620: checking for suffix of object files
configure:3642: gcc -c   conftest.c >&5
configure:3646: $? = 0
configure:3667: result: o
configure:3671: checking whether we are using the GNU C compiler
configure:3690: gcc -c   conftest.c >&5
configure:3690: $? = 0
configure:3699: result: yes
configure:3708: checking whether gcc accepts -g
configure:3728: gcc -c -g  conftest.c >&5
configure:3728: $? = 0
configure:3769: result: yes
configure:3786: checking for gcc option to accept ISO C89
configure:3849: gcc  -c -g -O2  conftest.c >&5
configure:3849: $? = 0
configure:3862: result: none needed
configure:3893: checking for style of include used by make
configure:3921: result: GNU
configure:3949: checking dependency style of gcc
configure:4039: result: gcc3
configure:4060: checking for gawk
configure:4087: result: mawk
configure:4175: checking build system type
configure:4189: result: x86_64-unknown-linux-gnu
configure:4209: checking host system type
configure:4222: result: x86_64-unknown-linux-gnu
configure:4242: checking for a sed that does not truncate output
configure:4296: result: /usr/bin/sed
configure:4299: checking for grep that handles long lines and -e
configure:4357: result: /usr/bin/grep
configure:4362: checking for egrep
configure:4424: result: /usr/bin/grep -E
configure:4440: checking for ld used by gcc
configure:4507: result: /usr/bin/ld
configure:4514: checking if the linker (/usr/bin/ld) is GNU ld
configure:4529: result: yes
configure:4534: checking for /usr/bin/ld option to reload object files
configure:4541: result: -r
configure:4559: checking for BSD-compatible nm
configure:4608: result: /usr/bin/nm -B
configure:4612: checking whether ln -s works
configure:4616: result: yes
configure:4623: checking how to recognise dependent libraries
configure:4799: result: pass_all
configure:4887: gcc -c -g -O2  conftest.c >&5
configure:4890: $? = 0
configure:5008: checking how to run the C preprocessor
configure:5039: gcc -E  conftest.c
configure:5039: $? = 0
configure:5053: gcc -E  conftest.c
conftest.c:11:10: fatal error: ac_nonexistent.h: No such file or directory
   11 | #include <ac_nonexistent.h>
      |          ^~~~~~~~~~~~~~~~~~
compilation terminated.
configure:5053: $? = 1
configure: failed program was:
| /* confdefs.h */
| #define PACKAGE_NAME "csoap"
| #define PACKAGE_TARNAME "csoap"
| #define PACKAGE_VERSION "1.1.0"
| #define PACKAGE_STRING "csoap 1.1.0"
| #define PACKAGE_BUGREPORT ""
| #define PACKAGE_URL ""
| #define PACKAGE "csoap"
| #define VERSION "1.1.0"
| /* end confdefs.h.  */
| #include <ac_nonexistent.h>
configure:5078: result: gcc -E
configure:5098: gcc -E  conftest.c
configure:5098: $? = 0
configure:5112: gcc -E  conftest.c
conftest.c:11:10: fatal error: ac_nonexistent.h: No such file or directory
   11 | #include <ac_nonexistent.h>
      |          ^~~~~~~~~~~~~~~~~~
compilation terminated.
configure:5112: $? = 1
configure: failed program was:
| /* confdefs.h */
| #define PACKAGE_NAME "csoap"
| #define PACKAGE_TARNAME "csoap"
| #define PACKAGE_VERSION "1.1.0"
| #define PACKAGE_STRING "csoap 1.1.0"
| #define PACKAGE_BUGREPORT ""
| #define PACKAGE_URL ""
| #define PACKAGE "csoap"
| #define VERSION "1.1.0"
| /* end confdefs.h.  */
| #include <ac_nonexistent.h>
configure:5141: checking for ANSI C header files
configure:5161: gcc -c -g -O2  conftest.c >&5
configure:5161: $? = 0
configure:5234: gcc -o conftest -g -O2   conftest.c  >&5

## ---------------- ##
## Cache variables. ##
## ---------------- ##

ac_cv_build=x86_64-unknown-linux-gnu
ac_cv_c_compiler_gnu=yes
ac_cv_env_CCC_set=
ac_cv_env_CCC_value=
ac_cv_env_CC_set=
ac_cv_env_CC_value=
ac_cv_env_CFLAGS_set=
ac_cv_env_CFLAGS_value=
ac_cv_env_CPPFLAGS_set=
ac_cv_env_CPPFLAGS_value=
ac_cv_env_CPP_set=
ac_cv_env_CPP_value=
ac_cv_env_CXXCPP_set=
ac_cv_env_CXXCPP_value=
ac_cv_env_CXXFLAGS_set=
ac_cv_env_CXXFLAGS_value=
ac_cv_env_CXX_set=
ac_cv_env_CXX_value=
ac_cv_env_F77_set=
ac_cv_env_F77_value=
ac_cv_env_FFLAGS_set=
ac_cv_env_FFLAGS_value=
ac_cv_env_LDFLAGS_set=
ac_cv_env_LDFLAGS_value=
ac_cv_env_LIBS_set=
ac_cv_env_LIBS_value=
ac_cv_env_build_alias_set=
ac_cv_env_build_alias_value=
ac_cv_env_host_alias_set=
ac_cv_env_host_alias_value=
ac_cv_env_target_alias_set=
ac_cv_env_target_alias_value=
ac_cv_header_stdc=yes
ac_cv_host=x86_64-unknown-linux-gnu
ac_cv_objext=o
ac_cv_path_EGREP='/usr/bin/grep -E'
ac_cv_path_GREP=/usr/bin/grep
ac_cv_path_install='/usr/bin/install -c'
ac_cv_prog_AWK=mawk
ac_cv_prog_CPP='gcc -E'
ac_cv_prog_ac_ct_CC=gcc
ac_cv_prog_cc_c89=
ac_cv_prog_cc_g=yes
ac_cv_prog_make_make_set=yes
am_cv_CC_dependencies_compiler_type=gcc3
lt_cv_deplibs_check_method=pass_all
lt_cv_file_magic_cmd='$MAGIC_CMD'
lt_cv_file_magic_test_file=
lt_cv_ld_reload_flag=-r
lt_cv_path_LD=/usr/bin/ld
lt_cv_path_NM='/usr/bin/nm -B'
lt_cv_path_SED=/usr/bin/sed
lt_cv_prog_gnu_ld=yes

## ----------------- ##
## Output variables. ##
## ----------------- ##

ACLOCAL='${SHELL} /home/clin/work/buildroot-2023.08.2/custom_source/libcsoap-1.1.0/missing --run aclocal-1.9'
AMDEPBACKSLASH='\'
AMDEP_FALSE='#'
AMDEP_TRUE=''
AMTAR='${SHELL} /home/clin/work/buildroot-2023.08.2/custom_source/libcsoap-1.1.0/missing --run tar'
AR=''
AUTOCONF='${SHELL} /home/clin/work/buildroot-2023.08.2/custom_source/libcsoap-1.1.0/missing --run autoconf'
AUTOHEADER='${SHELL} /home/clin/work/buildroot-2023.08.2/custom_source/libcsoap-1.1.0/missing --run autoheader'
AUTOMAKE='${SHELL} /home/clin/work/buildroot-2023.08.2/custom_source/libcsoap-1.1.0/missing --run automake-1.9'
AWK='mawk'
CC='gcc'
CCDEPMODE='depmode=gcc3'
CFLAGS='-g -O2'
CPP='gcc -E'
CPPFLAGS=''
CXX=''
CXXCPP=''
CXXDEPMODE=''
CXXFLAGS=''
CYGPATH_W='echo'
DEFS=''
DEPDIR='.deps'
ECHO='echo'
ECHO_C=''
ECHO_N='-n'
ECHO_T=''
EGREP='/usr/bin/grep -E'
EXEEXT=''
F77=''
FFLAGS=''
GREP='/usr/bin/grep'
INSTALL_DATA='${INSTALL} -m 644'
INSTALL_PROGRAM='${INSTALL}'
INSTALL_SCRIPT='${INSTALL}'
INSTALL_STRIP_PROGRAM='${SHELL} $(install_sh) -c -s'
LDFLAGS=''
LIBNSL=''
LIBOBJS=''
LIBS=''
LIBSOCKET=''
LIBTOOL=''
LN_S='ln -s'
LTLIBOBJS=''
MAKEINFO='${SHELL} /home/clin/work/buildroot-2023.08.2/custom_source/libcsoap-1.1.0/missing --run makeinfo'
OBJEXT='o'
PACKAGE='csoap'
PACKAGE_BUGREPORT=''
PACKAGE_NAME='csoap'
PACKAGE_STRING='csoap 1.1.0'
PACKAGE_TARNAME='csoap'
PACKAGE_URL=''
PACKAGE_VERSION='1.1.0'
PATH_SEPARATOR=':'
PTHREAD_CC=''
PTHREAD_CFLAGS=''
PTHREAD_LIBS=''
RANLIB=''
SET_MAKE=''
SHELL='/bin/bash'
STRIP=''
VERSION='1.1.0'
XML2_CONFIG=''
XML_CPPFLAGS=''
XML_LIBS=''
ac_ct_CC='gcc'
ac_ct_CXX=''
ac_ct_F77=''
acx_pthread_config=''
am__fastdepCC_FALSE='#'
am__fastdepCC_TRUE=''
am__fastdepCXX_FALSE=''
am__fastdepCXX_TRUE=''
am__include='include'
am__leading_dot='.'
am__quote=''
am__tar='${AMTAR} chof - "$$tardir"'
am__untar='${AMTAR} xf -'
bindir='${exec_prefix}/bin'
build='x86_64-unknown-linux-gnu'
build_alias=''
build_cpu='x86_64'
build_os='linux-gnu'
build_vendor='unknown'
csoap_major=''
csoap_minor=''
csoap_patch=''
csoap_release=''
csoap_version=''
datadir='${datarootdir}'
datarootdir='${prefix}/share'
docdir='${datarootdir}/doc/${PACKAGE_TARNAME}'
dvidir='${docdir}'
exec_prefix='NONE'
host='x86_64-unknown-linux-gnu'
host_alias=''
host_cpu='x86_64'
host_os='linux-gnu'
host_vendor='unknown'
htmldir='${docdir}'
includedir='${prefix}/include'
infodir='${datarootdir}/info'
install_sh='/home/clin/work/buildroot-2023.08.2/custom_source/libcsoap-1.1.0/install-sh'
libdir='${exec_prefix}/lib'
libexecdir='${exec_prefix}/libexec'
localedir='${datarootdir}/locale'
localstatedir='${prefix}/var'
mandir='${datarootdir}/man'
mkdir_p='mkdir -p --'
nanohttp_release=''
nanohttp_version=''
oldincludedir='/usr/include'
pdfdir='${docdir}'
prefix='NONE'
program_transform_name='s,x,x,'
psdir='${docdir}'
sbindir='${exec_prefix}/sbin'
sharedstatedir='${prefix}/com'
sysconfdir='${prefix}/etc'
target_alias=''

## ----------- ##
## confdefs.h. ##
## ----------- ##

/* confdefs.h */
#define PACKAGE_NAME "csoap"
#define PACKAGE_TARNAME "csoap"
#define PACKAGE_VERSION "1.1.0"
#define PACKAGE_STRING "csoap 1.1.0"
#define PACKAGE_BUGREPORT ""
#define PACKAGE_URL ""
#define PACKAGE "csoap"
#define VERSION "1.1.0"

configure: caught signal 2
configure: exit 1
